
		<div data-atom="ci" id="imgPrototype" data-type="bool" class="atom"  style="background-image: url(../Aabacus/images/three-dots.svg);
	background-repeat: no-repeat;
	background-position: bottom center;" >
			</div>
		<div data-atom="eq" id="asymmeqPrototype" class="asymmetric unlocked atom" data-type="bool">
					<div class="s_role firstMember ui-icon ui-icon-unlocked" data-accept="1">
						
					</div>
					<div class="decoration">:=</div>
					<div class="s_role secondMember" data-type="obj" data-accept="1">
						
					</div>
		</div>
		
		<div data-atom="deftrue" id="defTruePrototype" class="atom" data-type="bool">
						<div class="s_role name" data-type="obj" data-accept="1">
						
						</div>
						<div class="decoration">≡</div>
						<div class="s_role prop" data-type="obj" data-accept="1">
						
						</div>
						<div class="s_role shortCutLtr" data-type="obj" data-accept="1">
						
						</div>
						<div class="s_role shortCutRtl" data-type="obj" data-accept="1">
						
						</div>
		</div>					
		
		<div data-atom="eq" id="eqPrototype" data-type="bool" class="atom">
						<div class="s_role firstMember" data-type="obj" data-accept="1">
						
						</div>
						<div class="decoration">=</div>
						<div class="s_role secondMember" data-type="obj" data-accept="1">
						
						</div>
		</div>

		<div id="pointPrototype" data-atom="ci" data-type="point" class="atom ">
					
						<div class="name">A</div>
					
		</div>
		
				
				<div data-atom="midPoint" id="midPointPrototype" data-type="point" class="atom">
						<div class="s_role firstMember" data-type="point" data-accept="1"></div>
						<div class="decoration midPoint"></div>
						<div class="s_role secondMember" data-type="point" data-accept="1">
						</div>
				</div>
		