<div data-enode="eq" data-proto="eq" data-type="bool" >
	<div class="s_role firstMember" data-type="obj" ></div>
	<div class="decoration">=</div>
	<div class="s_role secondMember" data-type="obj" ></div>
</div>


<div data-proto="plus" data-enode="plus" data-type="num" >
	<div class="s_role" data-type="num" ></div>
	+
	<div class="s_role" data-type="num" ></div>
</div>

<div data-proto="times" data-enode="times" data-type="num" >
	<div class="s_role" data-type="num" ></div>
	*
	<div class="s_role" data-type="num" ></div>
</div>

<div data-proto="or" data-enode="or" data-type="bool" >
	<div class="s_role" data-type="bool" ></div>
	or
	<div class="s_role" data-type="bool" ></div>
</div>

<div data-proto="and" data-enode="and" data-type="bool" >
	<div class="s_role" data-type="bool" ></div>
	and
	<div class="s_role" data-type="bool" ></div>
</div>

<div data-proto="forall" data-enode="forAll"  data-type="bool">
	<div class="row">
	<div class="forallSymbol">∀</div>
	<div class="bVar_role forAllHeader" data-type="obj"></div>
	</div>
	<div class="s_role forAllContent" data-type="bool" ></div>
</div>