</div>
	<div data-atom="ci" data-type="obj" class="atom" title="abitante del pianeta terra" style=" background-image: url(./images/earth.png);
	background-size: 100% 100%;">
	<div class="name" style="display:none">t</div>
</div>

</div>
	<div data-atom="ci" data-type="obj" class="atom" title="uomo" style=" background-image: url(./images/man.png);
	background-size: 100% 100%;">
	<div class="name" style="display:none">t</div>
</div>

</div>
	<div data-atom="ci" data-type="obj" class="atom" title="donna" style=" background-image: url(./images/woman.png);
	background-size: 100% 100%;">
	<div class="name" style="display:none">t</div>
</div>

<div id="plusPrototype" data-atom="plus" data-type="obj" class="atom ">
				<div class="ul_role" data-type="obj"></div>
			</div>

<div data-atom="geq" id="lovePrototype" title="ama" data-type="bool" class="atom">
				<div class="s_role firstMember" data-type="obj" data-accept="1"></div>
				<div class="decoration">❤</div>
				<div class="s_role secondMember" data-type="obj" data-accept="1"></div>
			</div>
			
<div id="existsPrototype" data-atom="exists" class="atom" data-type="bool">
				<div class="row">
					<div class="existsSymbol">∃</div>
					<div class="bVar_role existsHeader" data-type="obj"></div>
					<div class="decoration">|</div>
				</div>
				<div class="s_role existsContent" data-type="bool" data-accept="1"></div>
			</div>
			
<div id="forallPrototype" data-atom="forAll" class="atom" data-type="bool">
				<div class="row">
					<div class="forallSymbol">∀</div>
					<div class="bVar_role forAllHeader" data-type="obj"></div>
				</div>
				<div class="s_role forAllContent" data-type="bool" data-accept="1"></div>
			</div>