<div data-enode="segment" data-proto="segment" data-type="line" class="ENODE" draggable="false">
		<div class="ul_role inheritInfix" data-type="point" data-accept="2" style="background-image: url(../images/segment.svg)">
		</div>
	</div>
	<div data-enode="midPoint" data-proto="midPoint" data-type="point" class="ENODE" style="">
		<div class="ul_role inheritInfix" data-type="point" data-accept="2" style="background-image: url(../images/midPoint.svg)">
		</div>
	</div>
	<div data-proto="point" data-enode="ci" data-type="point" class="ENODE" style="" draggable="false">
		<div class="name">A</div>
	</div>
	<div data-enode="perpByPoint" data-proto="perpByPoint" data-type="line" class="ENODE" style="">
		<div class="functName perpByPoint">PerpendicularLine(</div>
		<div class="s_role firstMember" data-type="line">
		</div>
		<div class="decoration perpByPoint">
		</div>
		<div class="functName perpByPoint">,</div>
		<div class="s_role secondMember" data-type="point">
		</div>
		<div class="functName perpByPoint">)</div>
	</div>
	<div data-enode="identical" data-proto="identical" data-type="bool" class="ENODE" style="" draggable="false">
		<div class="s_role firstMember" data-type="obj">
		</div>
		<div class="decoration">≡</div>
		<div class="s_role secondMember" data-type="obj">
		</div>
	</div>
	<div data-enode="congruent" data-proto="congruent" data-type="bool" class="ENODE" style="" draggable="false">
		<div class="s_role firstMember" data-type="obj">
		</div>
		<div class="decoration">≅</div>
		<div class="s_role secondMember" data-type="obj">
		</div>
	</div>
	<div data-enode="in" data-proto="in" data-type="bool" class="ENODE" style="" draggable="false">
		<div class="s_role" data-type="obj">
		</div>
		<div class="decoration">ϵ</div>
		<div class="s_role" data-type="obj">
		</div>
	</div>
	<apply data-and="horizontal" data-import="./Data/Preload/palette.prt" data-type="bool">
		<and>
		</and>
	</apply>