<div data-enode="eq" data-proto="eq" data-type="bool" class="ENODE">
				<div class="s_role firstMember" data-type="obj" ></div>
				<div class="decoration">=</div>
				<div class="s_role secondMember" data-type="obj" ></div>
			</div>
			
			<div data-proto="num" data-enode="ci" data-type="num" class="ENODE ">
				<div class="name">x</div>
			</div>
			<div data-enode="cn" data-type="num" class="ENODE">
				<div class="name">1</div>
			</div>
					
			<div data-proto="plus" data-enode="plus" data-type="num" class="ENODE ">
				<div class="ul_role" data-type="num"></div>
			</div>
			
			<div data-proto="times" data-enode="times" data-type="num" class="ENODE">
				<div class="ul_role" data-type="num"></div>
			</div>
			
			
				<div data-proto="minus" data-enode="minus" data-type="num" class="ENODE">
					<div class="s_role" data-type="num"></div>
					<div class="minusDecoration"></div>
				</div>
			
				<div data-proto="m_inverse" data-enode="m_inverse" data-type="num" class="ENODE">
					<div class="numerator1">1</div>
					<div class="s_role" data-type="num">
						<div class="m_inverseDecoration"></div>
					</div>
				</div>
				<div data-proto="divide" data-enode="divide" class="ENODE column" data-type="num">
					<div class="s_role numeratore" data-type="num"></div>
					<div class="decoration"></div>
					<div class="s_role denominatore" data-type="num" ></div>
				</div>
				<div data-proto="power" data-enode="power" class="ENODE" data-type="num">
					<div class="s_role base" data-type="num" >
						<div class="power_decoration"></div>
					</div>
					<div class="s_role exponent" data-type="num"></div>
				</div>
				<div data-proto="root" data-enode="root" data-type="obj" class="ENODE">
				√<div class="s_role" data-type="num"></div>
			</div>
			<!-- root andrebbe inserito anche l'esponente, vedi specifiche mathml -->
			<div data-proto="abs" data-enode="abs" data-type="num" class="ENODE">
				|<div class="s_role" data-type="num"></div>
				|
			</div>
			<div data-enode="gt" data-proto="gt" data-type="bool" class="ENODE">
				<div class="s_role firstMember" data-type="num" ></div>
				<div class="decoration">></div>
				<div class="s_role secondMember" data-type="num" ></div>
			</div>
			<div data-enode="geq" data-proto="geq" data-type="bool" class="ENODE">
				<div class="s_role firstMember" data-type="num" ></div>
				<div class="decoration">&#x2265;</div>
				<div class="s_role secondMember" data-type="num" ></div>
			</div>
			<div data-enode="lt" data-proto="lt" data-type="bool" class="ENODE">
				<div class="s_role firstMember" data-type="num" ></div>
				<div class="decoration"><</div>
				<div class="s_role secondMember" data-type="num" ></div>
			</div>
			<div data-enode="leq" data-proto="leq" data-type="bool" class="ENODE">
				<div class="s_role firstMember" data-type="num" ></div>
				<div class="decoration">&#x2264;</div>
				<div class="s_role secondMember" data-type="num" ></div>
			</div>
			<div data-enode="ci" data-proto="bool" data-type="bool" class="ENODE">
				<div class="name">true</div>
			</div>
		
				<div data-proto="or" data-enode="or" data-type="bool" class="ENODE">
					<div class="ul_role" data-type="bool"></div>
				</div>
			
			<div data-proto="and" data-enode="and" data-type="bool" class="ENODE">
				<div class="ul_role" data-type="bool"></div>
			</div>
			
				<div data-proto="not" data-enode="not" data-type="bool" class="ENODE">
					<div class="s_role" data-type="bool"></div>
					<div class="notDecoration"></div>
				</div>
			
			<div data-proto="forall" data-enode="forAll" class="ENODE" data-type="bool">
				<div class="row">
					<div class="forallSymbol">∀</div>
					<div class="bVar_role forAllHeader" data-type="obj"></div>
				</div>
				<div class="s_role forAllContent" data-type="bool" ></div>
			</div>
			<!--
			<div data-proto="ifthenelse" data-enode="ifthenelse" class="ENODE" data-type="bool">
				<div class="column">
					<div class="s_role if" data-type="bool"></div>
					<div class="decoration imply"></div>
					<div class="s_role then" data-type="bool"></div>
				</div>
				<div class="column">
					<div>else</div>
					<div class="s_role else" data-type="bool"></div>
				</div>
			</div>
			-->
			<div data-proto="ifthenelse" data-enode="conditional" class="ENODE" data-type="bool">
				
					<div class="row1">
						<div class="s_role if" data-type="bool"></div>
					</div>
					<div class="row1">
						<div class="decoration">else</div>
					</div>
					<div class="row2">
						<div class="s_role then" data-type="bool"></div>
						<div class="decoration">:</div>
					</div>
					<div class="row2">
						<div class="s_role then" data-type="bool"></div>
					</div>
			</div>
			<div data-proto="conditional" data-enode="conditional" class="ENODE" data-type="num">
				
					<div class="row1">
						<div class="s_role if" data-type="bool"></div>
						<div class="decoration">?</div>
					</div>
					<div class="row2">
						<div class="s_role then" data-type="num"></div>
						<div class="decoration">:</div>
					</div>
					<div class="row2">
						<div class="s_role then" data-type="num"></div>
					</div>
			</div>
			
			<div data-proto="divisible" data-enode="divisible" class="ENODE" data-type="bool">
				
					<div class="s_role number" data-type="num"></div>
					divisible by
					<div class="s_role divisor" data-type="num"></div>
			</div>
			
			<div data-proto="exists" data-enode="exists" class="ENODE" data-type="bool">
				<div class="row">
					<div class="existsSymbol">∃</div>
					<div class="bVar_role existsHeader" data-type="obj"></div>
					<div class="decoration">|</div>
				</div>
				<div class="s_role existsContent" data-type="bool" ></div>
			</div>
			
			<div data-proto="suchThat" data-enode="suchThat" data-type="obj" class="ENODE">
				<div class="s_role" data-type="obj"></div>
				:
			
			</div>
		
			<div data-enode="implies" data-proto="implies" data-type="bool" class="ENODE">
				<div class="leftBar"></div>
				<div class="s_role firstMember" data-type="bool" ></div>
				<div class="decoration imply"></div>
				<div class="s_role secondMember" data-type="bool" ></div>
			</div>
			<div data-proto="set" data-enode="set" data-type="set" class="ENODE">
				{
				
				<div class="ul_role" data-type="obj">
					<span class="infix proto">;</span>
				</div>
				}
			
			
			</div>
			<div data-proto="list" data-enode="list" data-type="list" class="ENODE">
				(
				
				<div class="ol_role" data-type="obj">
					<span class="infix proto">;</span>
				</div>
				)
			
			
			</div>
			<div data-proto="t" data-enode="ci" data-type="num" class="ENODE" style=" background-image: url(./images/thing.png);
			background-size: 100% 100%;">
					<div class="name" style="display:none">t</div>
			</div>
			<div data-proto="s" data-enode="ci" data-type="num" class="ENODE" style="min-width: 30px; background-image: url(./images/shoes.png);
			background-size: 100% 100%;">
					<div class="name" style="display:none">s</div>
			</div>
			<div data-proto="boy" data-enode="ci" data-type="num" class="ENODE" style=" background-image: url(./images/boy.png);
			background-size: 100% 100%;">
					<div class="name" style="display:none">boy</div>
			</div>
			<div data-proto="plus" data-enode="plus" data-type="num" class="ENODE ">
				<div class="ul_role" data-type="num"></div>
			</div>
			
			<div data-proto="times" data-enode="times" data-type="num" class="ENODE">
				<div class="ul_role" data-type="num"></div>
			</div>
			
			<div data-proto="and" data-enode="and" data-type="bool" class="ENODE">
				<div class="ul_role" data-type="bool"></div>
			</div>